This file contains any messages produced by compilers while
running configure, to aid debugging if configure makes a mistake.

It was created by bibledit configure 3.1.53, which was
generated by GNU Autoconf 2.61.  Invocation command line was

  $ ./configure --no-create --no-recursion

## --------- ##
## Platform. ##
## --------- ##

hostname = nw9440
uname -m = i686
uname -r = 2.6.18-5-686
uname -s = Linux
uname -v = #1 SMP Fri Jun 1 00:47:00 UTC 2007

/usr/bin/uname -p = unknown
/bin/uname -X     = unknown

/bin/arch              = i686
/usr/bin/arch -k       = unknown
/usr/convex/getsysinfo = unknown
/usr/bin/hostinfo      = unknown
/bin/machine           = unknown
/usr/bin/oslevel       = unknown
/bin/universe          = unknown

PATH: /usr/local/bin
PATH: /usr/bin
PATH: /bin
PATH: /usr/bin/X11
PATH: /usr/games


## ----------- ##
## Core tests. ##
## ----------- ##

configure:1906: checking build system type
configure:1924: result: i686-pc-linux-gnu
configure:1946: checking host system type
configure:1961: result: i686-pc-linux-gnu
configure:1983: checking target system type
configure:1998: result: i686-pc-linux-gnu
configure:2042: checking for a BSD-compatible install
configure:2098: result: /usr/bin/install -c
configure:2109: checking whether build environment is sane
configure:2152: result: yes
configure:2217: checking for gawk
configure:2247: result: no
configure:2217: checking for mawk
configure:2233: found /usr/bin/mawk
configure:2244: result: mawk
configure:2255: checking whether make sets $(MAKE)
configure:2276: result: yes
configure:2476: checking for style of include used by make
configure:2504: result: GNU
configure:2577: checking for gcc
configure:2593: found /usr/bin/gcc
configure:2604: result: gcc
configure:2842: checking for C compiler version
configure:2849: gcc --version >&5
gcc (GCC) 4.1.2 20061115 (prerelease) (Debian 4.1.1-21)
Copyright (C) 2006 Free Software Foundation, Inc.
This is free software; see the source for copying conditions.  There is NO
warranty; not even for MERCHANTABILITY or FITNESS FOR A PARTICULAR PURPOSE.

configure:2852: $? = 0
configure:2859: gcc -v >&5
Using built-in specs.
Target: i486-linux-gnu
Configured with: ../src/configure -v --enable-languages=c,c++,fortran,objc,obj-c++,treelang --prefix=/usr --enable-shared --with-system-zlib --libexecdir=/usr/lib --without-included-gettext --enable-threads=posix --enable-nls --program-suffix=-4.1 --enable-__cxa_atexit --enable-clocale=gnu --enable-libstdcxx-debug --enable-mpfr --with-tune=i686 --enable-checking=release i486-linux-gnu
Thread model: posix
gcc version 4.1.2 20061115 (prerelease) (Debian 4.1.1-21)
configure:2862: $? = 0
configure:2869: gcc -V >&5
gcc: '-V' option must have argument
configure:2872: $? = 1
configure:2895: checking for C compiler default output file name
configure:2922: gcc    conftest.c  >&5
configure:2925: $? = 0
configure:2963: result: a.out
configure:2980: checking whether the C compiler works
configure:2990: ./a.out
configure:2993: $? = 0
configure:3010: result: yes
configure:3017: checking whether we are cross compiling
configure:3019: result: no
configure:3022: checking for suffix of executables
configure:3029: gcc -o conftest    conftest.c  >&5
configure:3032: $? = 0
configure:3056: result: 
configure:3062: checking for suffix of object files
configure:3088: gcc -c   conftest.c >&5
configure:3091: $? = 0
configure:3114: result: o
configure:3118: checking whether we are using the GNU C compiler
configure:3147: gcc -c   conftest.c >&5
configure:3153: $? = 0
configure:3170: result: yes
configure:3175: checking whether gcc accepts -g
configure:3205: gcc -c -g  conftest.c >&5
configure:3211: $? = 0
configure:3310: result: yes
configure:3327: checking for gcc option to accept ISO C89
configure:3401: gcc  -c -g -O2  conftest.c >&5
configure:3407: $? = 0
configure:3430: result: none needed
configure:3450: checking dependency style of gcc
configure:3540: result: gcc3
configure:3558: checking for library containing strerror
configure:3599: gcc -o conftest -g -O2   conftest.c  >&5
configure:3605: $? = 0
configure:3633: result: none required
configure:3689: checking for gcc
configure:3716: result: gcc
configure:3954: checking for C compiler version
configure:3961: gcc --version >&5
gcc (GCC) 4.1.2 20061115 (prerelease) (Debian 4.1.1-21)
Copyright (C) 2006 Free Software Foundation, Inc.
This is free software; see the source for copying conditions.  There is NO
warranty; not even for MERCHANTABILITY or FITNESS FOR A PARTICULAR PURPOSE.

configure:3964: $? = 0
configure:3971: gcc -v >&5
Using built-in specs.
Target: i486-linux-gnu
Configured with: ../src/configure -v --enable-languages=c,c++,fortran,objc,obj-c++,treelang --prefix=/usr --enable-shared --with-system-zlib --libexecdir=/usr/lib --without-included-gettext --enable-threads=posix --enable-nls --program-suffix=-4.1 --enable-__cxa_atexit --enable-clocale=gnu --enable-libstdcxx-debug --enable-mpfr --with-tune=i686 --enable-checking=release i486-linux-gnu
Thread model: posix
gcc version 4.1.2 20061115 (prerelease) (Debian 4.1.1-21)
configure:3974: $? = 0
configure:3981: gcc -V >&5
gcc: '-V' option must have argument
configure:3984: $? = 1
configure:3987: checking whether we are using the GNU C compiler
configure:4039: result: yes
configure:4044: checking whether gcc accepts -g
configure:4179: result: yes
configure:4196: checking for gcc option to accept ISO C89
configure:4299: result: none needed
configure:4319: checking dependency style of gcc
configure:4409: result: gcc3
configure:4472: checking for ranlib
configure:4488: found /usr/bin/ranlib
configure:4499: result: ranlib
configure:4530: checking how to run the C preprocessor
configure:4570: gcc -E  conftest.c
configure:4576: $? = 0
configure:4607: gcc -E  conftest.c
conftest.c:10:28: error: ac_nonexistent.h: No such file or directory
configure:4613: $? = 1
configure: failed program was:
| /* confdefs.h.  */
| #define PACKAGE_NAME "bibledit"
| #define PACKAGE_TARNAME "bibledit"
| #define PACKAGE_VERSION "3.1.53"
| #define PACKAGE_STRING "bibledit 3.1.53"
| #define PACKAGE_BUGREPORT "http://www.nongnu.org/bibledit"
| #define PACKAGE "bibledit"
| #define VERSION "3.1.53"
| /* end confdefs.h.  */
| #include <ac_nonexistent.h>
configure:4646: result: gcc -E
configure:4675: gcc -E  conftest.c
configure:4681: $? = 0
configure:4712: gcc -E  conftest.c
conftest.c:10:28: error: ac_nonexistent.h: No such file or directory
configure:4718: $? = 1
configure: failed program was:
| /* confdefs.h.  */
| #define PACKAGE_NAME "bibledit"
| #define PACKAGE_TARNAME "bibledit"
| #define PACKAGE_VERSION "3.1.53"
| #define PACKAGE_STRING "bibledit 3.1.53"
| #define PACKAGE_BUGREPORT "http://www.nongnu.org/bibledit"
| #define PACKAGE "bibledit"
| #define VERSION "3.1.53"
| /* end confdefs.h.  */
| #include <ac_nonexistent.h>
configure:4813: checking for g++
configure:4829: found /usr/bin/g++
configure:4840: result: g++
configure:4871: checking for C++ compiler version
configure:4878: g++ --version >&5
g++ (GCC) 4.1.2 20061115 (prerelease) (Debian 4.1.1-21)
Copyright (C) 2006 Free Software Foundation, Inc.
This is free software; see the source for copying conditions.  There is NO
warranty; not even for MERCHANTABILITY or FITNESS FOR A PARTICULAR PURPOSE.

configure:4881: $? = 0
configure:4888: g++ -v >&5
Using built-in specs.
Target: i486-linux-gnu
Configured with: ../src/configure -v --enable-languages=c,c++,fortran,objc,obj-c++,treelang --prefix=/usr --enable-shared --with-system-zlib --libexecdir=/usr/lib --without-included-gettext --enable-threads=posix --enable-nls --program-suffix=-4.1 --enable-__cxa_atexit --enable-clocale=gnu --enable-libstdcxx-debug --enable-mpfr --with-tune=i686 --enable-checking=release i486-linux-gnu
Thread model: posix
gcc version 4.1.2 20061115 (prerelease) (Debian 4.1.1-21)
configure:4891: $? = 0
configure:4898: g++ -V >&5
g++: '-V' option must have argument
configure:4901: $? = 1
configure:4904: checking whether we are using the GNU C++ compiler
configure:4933: g++ -c   conftest.cpp >&5
configure:4939: $? = 0
configure:4956: result: yes
configure:4961: checking whether g++ accepts -g
configure:4991: g++ -c -g  conftest.cpp >&5
configure:4997: $? = 0
configure:5096: result: yes
configure:5121: checking dependency style of g++
configure:5211: result: gcc3
configure:5276: checking for gcc
configure:5303: result: gcc
configure:5541: checking for C compiler version
configure:5548: gcc --version >&5
gcc (GCC) 4.1.2 20061115 (prerelease) (Debian 4.1.1-21)
Copyright (C) 2006 Free Software Foundation, Inc.
This is free software; see the source for copying conditions.  There is NO
warranty; not even for MERCHANTABILITY or FITNESS FOR A PARTICULAR PURPOSE.

configure:5551: $? = 0
configure:5558: gcc -v >&5
Using built-in specs.
Target: i486-linux-gnu
Configured with: ../src/configure -v --enable-languages=c,c++,fortran,objc,obj-c++,treelang --prefix=/usr --enable-shared --with-system-zlib --libexecdir=/usr/lib --without-included-gettext --enable-threads=posix --enable-nls --program-suffix=-4.1 --enable-__cxa_atexit --enable-clocale=gnu --enable-libstdcxx-debug --enable-mpfr --with-tune=i686 --enable-checking=release i486-linux-gnu
Thread model: posix
gcc version 4.1.2 20061115 (prerelease) (Debian 4.1.1-21)
configure:5561: $? = 0
configure:5568: gcc -V >&5
gcc: '-V' option must have argument
configure:5571: $? = 1
configure:5574: checking whether we are using the GNU C compiler
configure:5626: result: yes
configure:5631: checking whether gcc accepts -g
configure:5766: result: yes
configure:5783: checking for gcc option to accept ISO C89
configure:5886: result: none needed
configure:5906: checking dependency style of gcc
configure:5996: result: gcc3
configure:6014: checking for grep that handles long lines and -e
configure:6088: result: /bin/grep
configure:6093: checking for egrep
configure:6171: result: /bin/grep -E
configure:6176: checking for ANSI C header files
configure:6206: gcc -c -g -O2  conftest.c >&5
configure:6212: $? = 0
configure:6311: gcc -o conftest -g -O2   conftest.c  >&5
configure:6314: $? = 0
configure:6320: ./conftest
configure:6323: $? = 0
configure:6340: result: yes
configure:6399: checking for pkg-config
configure:6417: found /usr/bin/pkg-config
configure:6429: result: /usr/bin/pkg-config
configure:6458: checking pkg-config is at least version 0.9.0
configure:6461: result: yes
configure:6472: checking for GTK
configure:6480: $PKG_CONFIG --exists --print-errors "gtk+-2.0 gdk-2.0"
configure:6483: $? = 0
configure:6498: $PKG_CONFIG --exists --print-errors "gtk+-2.0 gdk-2.0"
configure:6501: $? = 0
configure:6541: result: yes
configure:6550: checking for pkg-config
configure:6568: found /usr/bin/pkg-config
configure:6581: result: /usr/bin/pkg-config
configure:6597: checking for grep
configure:6615: found /bin/grep
configure:6628: result: /bin/grep
configure:6644: checking for touch
configure:6662: found /usr/bin/touch
configure:6675: result: /usr/bin/touch
configure:6691: checking for date
configure:6709: found /bin/date
configure:6722: result: /bin/date
configure:6738: checking for tail
configure:6756: found /usr/bin/tail
configure:6769: result: /usr/bin/tail
configure:6785: checking for gzip
configure:6803: found /bin/gzip
configure:6816: result: /bin/gzip
configure:6832: checking for gunzip
configure:6850: found /bin/gunzip
configure:6863: result: /bin/gunzip
configure:6879: checking for iconv
configure:6897: found /usr/bin/iconv
configure:6910: result: /usr/bin/iconv
configure:6926: checking for strings
configure:6944: found /usr/bin/strings
configure:6957: result: /usr/bin/strings
configure:6973: checking for cat
configure:6991: found /bin/cat
configure:7004: result: /bin/cat
configure:7020: checking for sort
configure:7038: found /usr/bin/sort
configure:7051: result: /usr/bin/sort
configure:7067: checking for head
configure:7085: found /usr/bin/head
configure:7098: result: /usr/bin/head
configure:7114: checking for make
configure:7132: found /usr/bin/make
configure:7145: result: /usr/bin/make
configure:7161: checking for find
configure:7179: found /usr/bin/find
configure:7192: result: /usr/bin/find
configure:7208: checking for ping
configure:7226: found /bin/ping
configure:7239: result: /bin/ping
configure:7255: checking for xargs
configure:7273: found /usr/bin/xargs
configure:7286: result: /usr/bin/xargs
configure:7302: checking for git
configure:7320: found /usr/bin/git
configure:7333: result: /usr/bin/git
configure:7349: checking for g++
configure:7367: found /usr/bin/g++
configure:7380: result: /usr/bin/g++
configure:7398: checking for fontconfig
configure:7406: $PKG_CONFIG --exists --print-errors "fontconfig"
configure:7409: $? = 0
configure:7424: $PKG_CONFIG --exists --print-errors "fontconfig"
configure:7427: $? = 0
configure:7467: result: yes
configure:7474: checking for PACKAGE
configure:7482: $PKG_CONFIG --exists --print-errors "$pkg_modules"
configure:7485: $? = 0
configure:7500: $PKG_CONFIG --exists --print-errors "$pkg_modules"
configure:7503: $? = 0
configure:7579: result: yes
configure:7589: checking for PACKAGE
configure:7694: result: yes
configure:7704: checking for PACKAGE
configure:7809: result: yes
configure:7819: checking for PACKAGE
configure:7924: result: yes
configure:7938: checking for PACKAGE
configure:8043: result: yes
configure:8089: checking for xml2-config
configure:8107: found /usr/bin/xml2-config
configure:8120: result: /usr/bin/xml2-config
configure:8129: checking for libxml - version >= 2.5.0
configure:8241: gcc -o conftest -g -O2  -I/usr/include/libxml2  conftest.c -L/usr/lib -lxml2  >&5
configure:8244: $? = 0
configure:8250: ./conftest
configure:8253: $? = 0
configure:8274: result: yes (version 2.6.27)
configure:8378: checking for ENCHANT
configure:8386: $PKG_CONFIG --exists --print-errors "enchant >= 1.3.0"
configure:8389: $? = 0
configure:8404: $PKG_CONFIG --exists --print-errors "enchant >= 1.3.0"
configure:8407: $? = 0
configure:8483: result: yes
configure:8493: checking for PANGO
configure:8501: $PKG_CONFIG --exists --print-errors "pango >= 1.3.5"
configure:8504: $? = 0
configure:8519: $PKG_CONFIG --exists --print-errors "pango >= 1.3.5"
configure:8522: $? = 0
configure:8560: result: yes
configure:8572: checking for PANGO
configure:8639: result: yes
configure:8655: checking for gawk
configure:8682: result: mawk
configure:8698: checking which gecko to use
configure:8729: result: xulrunner
configure:8813: checking for compiler -fshort-wchar option
configure:8838: g++ -o conftest -g -O2  -fshort-wchar   conftest.cpp  >&5
configure:8841: $? = 0
configure:8847: ./conftest
configure:8850: $? = 0
configure:8866: result: yes
configure:8891: checking whether to enable C++ RTTI
configure:8900: result: no
configure:8926: checking whether we have a gtk 2 gecko build
configure:8955: g++ -o conftest -g -O2   -I/usr/include/xulrunner  conftest.cpp  >&5
configure:8958: $? = 0
configure:8964: ./conftest
configure:8967: $? = 0
configure:8984: result: yes
configure:8987: checking whether we have a gecko debug build
configure:9007: g++ -c -g -O2   -I/usr/include/xulrunner conftest.cpp >&5
conftest.cpp:16:6: error: #error No
configure:9013: $? = 1
configure: failed program was:
| /* confdefs.h.  */
| #define PACKAGE_NAME "bibledit"
| #define PACKAGE_TARNAME "bibledit"
| #define PACKAGE_VERSION "3.1.53"
| #define PACKAGE_STRING "bibledit 3.1.53"
| #define PACKAGE_BUGREPORT "http://www.nongnu.org/bibledit"
| #define PACKAGE "bibledit"
| #define VERSION "3.1.53"
| #define STDC_HEADERS 1
| #define HAVE_PANGO_UNDERLINE_ERROR 1
| #define FIXED_PANGO 1
| #define HAVE_MOZILLA_TOOLKIT 1
| /* end confdefs.h.  */
| #include <mozilla-config.h>
| 		  #if !defined(MOZ_REFLOW_PERF) || !defined(MOZ_REFLOW_PERF_DSP)
| 		  #error No
| 		  #endif
| 
configure:9027: result: no
configure:9079: checking for gecko version
configure:9138: g++ -o conftest -g -O2  -I/usr/include/xulrunner  conftest.cpp  >&5
configure:9141: $? = 0
configure:9147: ./conftest
configure:9150: $? = 0
configure:9171: result: 1.8
configure:9304: checking for MOZILLA_COMPONENT
configure:9312: $PKG_CONFIG --exists --print-errors "${gecko_cv_gecko}-xpcom >= $gecko_min_version $gecko_cv_extra_pkg_dependencies"
configure:9315: $? = 0
configure:9330: $PKG_CONFIG --exists --print-errors "${gecko_cv_gecko}-xpcom >= $gecko_min_version $gecko_cv_extra_pkg_dependencies"
configure:9333: $? = 0
configure:9409: result: yes
configure:9433: checking for ANSI C header files
configure:9597: result: yes
configure:9621: checking for sys/types.h
configure:9642: gcc -c -g -O2  conftest.c >&5
configure:9648: $? = 0
configure:9664: result: yes
configure:9621: checking for sys/stat.h
configure:9642: gcc -c -g -O2  conftest.c >&5
configure:9648: $? = 0
configure:9664: result: yes
configure:9621: checking for stdlib.h
configure:9642: gcc -c -g -O2  conftest.c >&5
configure:9648: $? = 0
configure:9664: result: yes
configure:9621: checking for string.h
configure:9642: gcc -c -g -O2  conftest.c >&5
configure:9648: $? = 0
configure:9664: result: yes
configure:9621: checking for memory.h
configure:9642: gcc -c -g -O2  conftest.c >&5
configure:9648: $? = 0
configure:9664: result: yes
configure:9621: checking for strings.h
configure:9642: gcc -c -g -O2  conftest.c >&5
configure:9648: $? = 0
configure:9664: result: yes
configure:9621: checking for inttypes.h
configure:9642: gcc -c -g -O2  conftest.c >&5
configure:9648: $? = 0
configure:9664: result: yes
configure:9621: checking for stdint.h
configure:9642: gcc -c -g -O2  conftest.c >&5
configure:9648: $? = 0
configure:9664: result: yes
configure:9621: checking for unistd.h
configure:9642: gcc -c -g -O2  conftest.c >&5
configure:9648: $? = 0
configure:9664: result: yes
configure:9693: checking fcntl.h usability
configure:9710: gcc -c -g -O2  conftest.c >&5
configure:9716: $? = 0
configure:9730: result: yes
configure:9734: checking fcntl.h presence
configure:9749: gcc -E  conftest.c
configure:9755: $? = 0
configure:9769: result: yes
configure:9802: checking for fcntl.h
configure:9810: result: yes
configure:9683: checking for unistd.h
configure:9689: result: yes
configure:9693: checking sys/uio.h usability
configure:9710: gcc -c -g -O2  conftest.c >&5
configure:9716: $? = 0
configure:9730: result: yes
configure:9734: checking sys/uio.h presence
configure:9749: gcc -E  conftest.c
configure:9755: $? = 0
configure:9769: result: yes
configure:9802: checking for sys/uio.h
configure:9810: result: yes
configure:9831: checking for dirent.h that defines DIR
configure:9860: gcc -c -g -O2  conftest.c >&5
configure:9866: $? = 0
configure:9882: result: yes
configure:9895: checking for library containing opendir
configure:9936: gcc -o conftest -g -O2   conftest.c  >&5
configure:9942: $? = 0
configure:9970: result: none required
configure:10064: checking for sys/wait.h that is POSIX.1 compatible
configure:10100: gcc -c -g -O2  conftest.c >&5
configure:10106: $? = 0
configure:10121: result: yes
configure:10157: checking arpa/inet.h usability
configure:10174: gcc -c -g -O2  conftest.c >&5
configure:10180: $? = 0
configure:10194: result: yes
configure:10198: checking arpa/inet.h presence
configure:10213: gcc -E  conftest.c
configure:10219: $? = 0
configure:10233: result: yes
configure:10266: checking for arpa/inet.h
configure:10274: result: yes
configure:10157: checking limits.h usability
configure:10174: gcc -c -g -O2  conftest.c >&5
configure:10180: $? = 0
configure:10194: result: yes
configure:10198: checking limits.h presence
configure:10213: gcc -E  conftest.c
configure:10219: $? = 0
configure:10233: result: yes
configure:10266: checking for limits.h
configure:10274: result: yes
configure:10157: checking locale.h usability
configure:10174: gcc -c -g -O2  conftest.c >&5
configure:10180: $? = 0
configure:10194: result: yes
configure:10198: checking locale.h presence
configure:10213: gcc -E  conftest.c
configure:10219: $? = 0
configure:10233: result: yes
configure:10266: checking for locale.h
configure:10274: result: yes
configure:10157: checking netdb.h usability
configure:10174: gcc -c -g -O2  conftest.c >&5
configure:10180: $? = 0
configure:10194: result: yes
configure:10198: checking netdb.h presence
configure:10213: gcc -E  conftest.c
configure:10219: $? = 0
configure:10233: result: yes
configure:10266: checking for netdb.h
configure:10274: result: yes
configure:10157: checking netinet/in.h usability
configure:10174: gcc -c -g -O2  conftest.c >&5
configure:10180: $? = 0
configure:10194: result: yes
configure:10198: checking netinet/in.h presence
configure:10213: gcc -E  conftest.c
configure:10219: $? = 0
configure:10233: result: yes
configure:10266: checking for netinet/in.h
configure:10274: result: yes
configure:10157: checking stddef.h usability
configure:10174: gcc -c -g -O2  conftest.c >&5
configure:10180: $? = 0
configure:10194: result: yes
configure:10198: checking stddef.h presence
configure:10213: gcc -E  conftest.c
configure:10219: $? = 0
configure:10233: result: yes
configure:10266: checking for stddef.h
configure:10274: result: yes
configure:10147: checking for stdlib.h
configure:10153: result: yes
configure:10147: checking for string.h
configure:10153: result: yes
configure:10157: checking sys/file.h usability
configure:10174: gcc -c -g -O2  conftest.c >&5
configure:10180: $? = 0
configure:10194: result: yes
configure:10198: checking sys/file.h presence
configure:10213: gcc -E  conftest.c
configure:10219: $? = 0
configure:10233: result: yes
configure:10266: checking for sys/file.h
configure:10274: result: yes
configure:10157: checking sys/socket.h usability
configure:10174: gcc -c -g -O2  conftest.c >&5
configure:10180: $? = 0
configure:10194: result: yes
configure:10198: checking sys/socket.h presence
configure:10213: gcc -E  conftest.c
configure:10219: $? = 0
configure:10233: result: yes
configure:10266: checking for sys/socket.h
configure:10274: result: yes
configure:10157: checking sys/time.h usability
configure:10174: gcc -c -g -O2  conftest.c >&5
configure:10180: $? = 0
configure:10194: result: yes
configure:10198: checking sys/time.h presence
configure:10213: gcc -E  conftest.c
configure:10219: $? = 0
configure:10233: result: yes
configure:10266: checking for sys/time.h
configure:10274: result: yes
configure:10147: checking for unistd.h
configure:10153: result: yes
configure:10302: checking sys/ioctl.h usability
configure:10319: gcc -c -g -O2  conftest.c >&5
configure:10325: $? = 0
configure:10339: result: yes
configure:10343: checking sys/ioctl.h presence
configure:10358: gcc -E  conftest.c
configure:10364: $? = 0
configure:10378: result: yes
configure:10411: checking for sys/ioctl.h
configure:10419: result: yes
configure:10442: checking sqlite3.h usability
configure:10459: gcc -c -g -O2  conftest.c >&5
configure:10465: $? = 0
configure:10479: result: yes
configure:10483: checking sqlite3.h presence
configure:10498: gcc -E  conftest.c
configure:10504: $? = 0
configure:10518: result: yes
configure:10551: checking for sqlite3.h
configure:10558: result: yes
configure:10583: checking aspell.h usability
configure:10600: gcc -c -g -O2  conftest.c >&5
configure:10606: $? = 0
configure:10620: result: yes
configure:10624: checking aspell.h presence
configure:10639: gcc -E  conftest.c
configure:10645: $? = 0
configure:10659: result: yes
configure:10692: checking for aspell.h
configure:10699: result: yes
configure:10722: checking pspell/pspell.h usability
configure:10739: gcc -c -g -O2  conftest.c >&5
conftest.c:79:27: error: pspell/pspell.h: No such file or directory
configure:10745: $? = 1
configure: failed program was:
| /* confdefs.h.  */
| #define PACKAGE_NAME "bibledit"
| #define PACKAGE_TARNAME "bibledit"
| #define PACKAGE_VERSION "3.1.53"
| #define PACKAGE_STRING "bibledit 3.1.53"
| #define PACKAGE_BUGREPORT "http://www.nongnu.org/bibledit"
| #define PACKAGE "bibledit"
| #define VERSION "3.1.53"
| #define STDC_HEADERS 1
| #define HAVE_PANGO_UNDERLINE_ERROR 1
| #define FIXED_PANGO 1
| #define HAVE_MOZILLA_TOOLKIT 1
| #define HAVE_GECKO_1_7 1
| #define HAVE_GECKO_1_8 1
| #define USE_GTKMOZEMBED 1
| #define STDC_HEADERS 1
| #define HAVE_SYS_TYPES_H 1
| #define HAVE_SYS_STAT_H 1
| #define HAVE_STDLIB_H 1
| #define HAVE_STRING_H 1
| #define HAVE_MEMORY_H 1
| #define HAVE_STRINGS_H 1
| #define HAVE_INTTYPES_H 1
| #define HAVE_STDINT_H 1
| #define HAVE_UNISTD_H 1
| #define HAVE_FCNTL_H 1
| #define HAVE_UNISTD_H 1
| #define HAVE_SYS_UIO_H 1
| #define HAVE_DIRENT_H 1
| #define HAVE_SYS_WAIT_H 1
| #define HAVE_ARPA_INET_H 1
| #define HAVE_LIMITS_H 1
| #define HAVE_LOCALE_H 1
| #define HAVE_NETDB_H 1
| #define HAVE_NETINET_IN_H 1
| #define HAVE_STDDEF_H 1
| #define HAVE_STDLIB_H 1
| #define HAVE_STRING_H 1
| #define HAVE_SYS_FILE_H 1
| #define HAVE_SYS_SOCKET_H 1
| #define HAVE_SYS_TIME_H 1
| #define HAVE_UNISTD_H 1
| #define HAVE_SYS_IOCTL_H 1
| #define HAVE_ASPELL_H 1
| /* end confdefs.h.  */
| #include <stdio.h>
| #ifdef HAVE_SYS_TYPES_H
| # include <sys/types.h>
| #endif
| #ifdef HAVE_SYS_STAT_H
| # include <sys/stat.h>
| #endif
| #ifdef STDC_HEADERS
| # include <stdlib.h>
| # include <stddef.h>
| #else
| # ifdef HAVE_STDLIB_H
| #  include <stdlib.h>
| # endif
| #endif
| #ifdef HAVE_STRING_H
| # if !defined STDC_HEADERS && defined HAVE_MEMORY_H
| #  include <memory.h>
| # endif
| # include <string.h>
| #endif
| #ifdef HAVE_STRINGS_H
| # include <strings.h>
| #endif
| #ifdef HAVE_INTTYPES_H
| # include <inttypes.h>
| #endif
| #ifdef HAVE_STDINT_H
| # include <stdint.h>
| #endif
| #ifdef HAVE_UNISTD_H
| # include <unistd.h>
| #endif
| #include <pspell/pspell.h>
configure:10759: result: no
configure:10763: checking pspell/pspell.h presence
configure:10778: gcc -E  conftest.c
conftest.c:46:27: error: pspell/pspell.h: No such file or directory
configure:10784: $? = 1
configure: failed program was:
| /* confdefs.h.  */
| #define PACKAGE_NAME "bibledit"
| #define PACKAGE_TARNAME "bibledit"
| #define PACKAGE_VERSION "3.1.53"
| #define PACKAGE_STRING "bibledit 3.1.53"
| #define PACKAGE_BUGREPORT "http://www.nongnu.org/bibledit"
| #define PACKAGE "bibledit"
| #define VERSION "3.1.53"
| #define STDC_HEADERS 1
| #define HAVE_PANGO_UNDERLINE_ERROR 1
| #define FIXED_PANGO 1
| #define HAVE_MOZILLA_TOOLKIT 1
| #define HAVE_GECKO_1_7 1
| #define HAVE_GECKO_1_8 1
| #define USE_GTKMOZEMBED 1
| #define STDC_HEADERS 1
| #define HAVE_SYS_TYPES_H 1
| #define HAVE_SYS_STAT_H 1
| #define HAVE_STDLIB_H 1
| #define HAVE_STRING_H 1
| #define HAVE_MEMORY_H 1
| #define HAVE_STRINGS_H 1
| #define HAVE_INTTYPES_H 1
| #define HAVE_STDINT_H 1
| #define HAVE_UNISTD_H 1
| #define HAVE_FCNTL_H 1
| #define HAVE_UNISTD_H 1
| #define HAVE_SYS_UIO_H 1
| #define HAVE_DIRENT_H 1
| #define HAVE_SYS_WAIT_H 1
| #define HAVE_ARPA_INET_H 1
| #define HAVE_LIMITS_H 1
| #define HAVE_LOCALE_H 1
| #define HAVE_NETDB_H 1
| #define HAVE_NETINET_IN_H 1
| #define HAVE_STDDEF_H 1
| #define HAVE_STDLIB_H 1
| #define HAVE_STRING_H 1
| #define HAVE_SYS_FILE_H 1
| #define HAVE_SYS_SOCKET_H 1
| #define HAVE_SYS_TIME_H 1
| #define HAVE_UNISTD_H 1
| #define HAVE_SYS_IOCTL_H 1
| #define HAVE_ASPELL_H 1
| /* end confdefs.h.  */
| #include <pspell/pspell.h>
configure:10798: result: no
configure:10831: checking for pspell/pspell.h
configure:10838: result: no
configure:10856: checking for GTKSPELL
configure:10864: $PKG_CONFIG --exists --print-errors "$GTKSPELL_PACKAGES"
configure:10867: $? = 0
configure:10882: $PKG_CONFIG --exists --print-errors "$GTKSPELL_PACKAGES"
configure:10885: $? = 0
configure:10961: result: yes
configure:10970: checking for stdbool.h that conforms to C99
configure:11063: gcc -c -g -O2  conftest.c >&5
configure:11069: $? = 0
configure:11084: result: yes
configure:11086: checking for _Bool
configure:11116: gcc -c -g -O2  conftest.c >&5
configure:11122: $? = 0
configure:11137: result: yes
configure:11156: checking for an ANSI C-conforming const
configure:11231: gcc -c -g -O2  conftest.c >&5
configure:11237: $? = 0
configure:11252: result: yes
configure:11262: checking for size_t
configure:11292: gcc -c -g -O2  conftest.c >&5
configure:11298: $? = 0
configure:11313: result: yes
configure:11325: checking for inline
configure:11351: gcc -c -g -O2  conftest.c >&5
configure:11357: $? = 0
configure:11375: result: inline
configure:11394: checking for pid_t
configure:11424: gcc -c -g -O2  conftest.c >&5
configure:11430: $? = 0
configure:11445: result: yes
configure:11457: checking for size_t
configure:11508: result: yes
configure:11520: checking whether time.h and sys/time.h may both be included
configure:11550: gcc -c -g -O2  conftest.c >&5
configure:11556: $? = 0
configure:11571: result: yes
configure:11581: checking for working volatile
configure:11610: gcc -c -g -O2  conftest.c >&5
configure:11616: $? = 0
configure:11631: result: yes
configure:11650: checking for strdup
configure:11706: gcc -o conftest -g -O2   conftest.c  >&5
conftest.c:72: warning: conflicting types for built-in function 'strdup'
configure:11712: $? = 0
configure:11730: result: yes
configure:11650: checking for strstr
configure:11706: gcc -o conftest -g -O2   conftest.c  >&5
conftest.c:73: warning: conflicting types for built-in function 'strstr'
configure:11712: $? = 0
configure:11730: result: yes
configure:11740: checking whether closedir returns void
configure:11774: gcc -o conftest -g -O2   conftest.c  >&5
configure:11777: $? = 0
configure:11783: ./conftest
configure:11786: $? = 0
configure:11802: result: no
configure:11827: checking vfork.h usability
configure:11844: gcc -c -g -O2  conftest.c >&5
conftest.c:84:19: error: vfork.h: No such file or directory
configure:11850: $? = 1
configure: failed program was:
| /* confdefs.h.  */
| #define PACKAGE_NAME "bibledit"
| #define PACKAGE_TARNAME "bibledit"
| #define PACKAGE_VERSION "3.1.53"
| #define PACKAGE_STRING "bibledit 3.1.53"
| #define PACKAGE_BUGREPORT "http://www.nongnu.org/bibledit"
| #define PACKAGE "bibledit"
| #define VERSION "3.1.53"
| #define STDC_HEADERS 1
| #define HAVE_PANGO_UNDERLINE_ERROR 1
| #define FIXED_PANGO 1
| #define HAVE_MOZILLA_TOOLKIT 1
| #define HAVE_GECKO_1_7 1
| #define HAVE_GECKO_1_8 1
| #define USE_GTKMOZEMBED 1
| #define STDC_HEADERS 1
| #define HAVE_SYS_TYPES_H 1
| #define HAVE_SYS_STAT_H 1
| #define HAVE_STDLIB_H 1
| #define HAVE_STRING_H 1
| #define HAVE_MEMORY_H 1
| #define HAVE_STRINGS_H 1
| #define HAVE_INTTYPES_H 1
| #define HAVE_STDINT_H 1
| #define HAVE_UNISTD_H 1
| #define HAVE_FCNTL_H 1
| #define HAVE_UNISTD_H 1
| #define HAVE_SYS_UIO_H 1
| #define HAVE_DIRENT_H 1
| #define HAVE_SYS_WAIT_H 1
| #define HAVE_ARPA_INET_H 1
| #define HAVE_LIMITS_H 1
| #define HAVE_LOCALE_H 1
| #define HAVE_NETDB_H 1
| #define HAVE_NETINET_IN_H 1
| #define HAVE_STDDEF_H 1
| #define HAVE_STDLIB_H 1
| #define HAVE_STRING_H 1
| #define HAVE_SYS_FILE_H 1
| #define HAVE_SYS_SOCKET_H 1
| #define HAVE_SYS_TIME_H 1
| #define HAVE_UNISTD_H 1
| #define HAVE_SYS_IOCTL_H 1
| #define HAVE_ASPELL_H 1
| #define HAVE__BOOL 1
| #define HAVE_STDBOOL_H 1
| #define TIME_WITH_SYS_TIME 1
| #define HAVE_STRDUP 1
| #define HAVE_STRSTR 1
| /* end confdefs.h.  */
| #include <stdio.h>
| #ifdef HAVE_SYS_TYPES_H
| # include <sys/types.h>
| #endif
| #ifdef HAVE_SYS_STAT_H
| # include <sys/stat.h>
| #endif
| #ifdef STDC_HEADERS
| # include <stdlib.h>
| # include <stddef.h>
| #else
| # ifdef HAVE_STDLIB_H
| #  include <stdlib.h>
| # endif
| #endif
| #ifdef HAVE_STRING_H
| # if !defined STDC_HEADERS && defined HAVE_MEMORY_H
| #  include <memory.h>
| # endif
| # include <string.h>
| #endif
| #ifdef HAVE_STRINGS_H
| # include <strings.h>
| #endif
| #ifdef HAVE_INTTYPES_H
| # include <inttypes.h>
| #endif
| #ifdef HAVE_STDINT_H
| # include <stdint.h>
| #endif
| #ifdef HAVE_UNISTD_H
| # include <unistd.h>
| #endif
| #include <vfork.h>
configure:11864: result: no
configure:11868: checking vfork.h presence
configure:11883: gcc -E  conftest.c
conftest.c:51:19: error: vfork.h: No such file or directory
configure:11889: $? = 1
configure: failed program was:
| /* confdefs.h.  */
| #define PACKAGE_NAME "bibledit"
| #define PACKAGE_TARNAME "bibledit"
| #define PACKAGE_VERSION "3.1.53"
| #define PACKAGE_STRING "bibledit 3.1.53"
| #define PACKAGE_BUGREPORT "http://www.nongnu.org/bibledit"
| #define PACKAGE "bibledit"
| #define VERSION "3.1.53"
| #define STDC_HEADERS 1
| #define HAVE_PANGO_UNDERLINE_ERROR 1
| #define FIXED_PANGO 1
| #define HAVE_MOZILLA_TOOLKIT 1
| #define HAVE_GECKO_1_7 1
| #define HAVE_GECKO_1_8 1
| #define USE_GTKMOZEMBED 1
| #define STDC_HEADERS 1
| #define HAVE_SYS_TYPES_H 1
| #define HAVE_SYS_STAT_H 1
| #define HAVE_STDLIB_H 1
| #define HAVE_STRING_H 1
| #define HAVE_MEMORY_H 1
| #define HAVE_STRINGS_H 1
| #define HAVE_INTTYPES_H 1
| #define HAVE_STDINT_H 1
| #define HAVE_UNISTD_H 1
| #define HAVE_FCNTL_H 1
| #define HAVE_UNISTD_H 1
| #define HAVE_SYS_UIO_H 1
| #define HAVE_DIRENT_H 1
| #define HAVE_SYS_WAIT_H 1
| #define HAVE_ARPA_INET_H 1
| #define HAVE_LIMITS_H 1
| #define HAVE_LOCALE_H 1
| #define HAVE_NETDB_H 1
| #define HAVE_NETINET_IN_H 1
| #define HAVE_STDDEF_H 1
| #define HAVE_STDLIB_H 1
| #define HAVE_STRING_H 1
| #define HAVE_SYS_FILE_H 1
| #define HAVE_SYS_SOCKET_H 1
| #define HAVE_SYS_TIME_H 1
| #define HAVE_UNISTD_H 1
| #define HAVE_SYS_IOCTL_H 1
| #define HAVE_ASPELL_H 1
| #define HAVE__BOOL 1
| #define HAVE_STDBOOL_H 1
| #define TIME_WITH_SYS_TIME 1
| #define HAVE_STRDUP 1
| #define HAVE_STRSTR 1
| /* end confdefs.h.  */
| #include <vfork.h>
configure:11903: result: no
configure:11936: checking for vfork.h
configure:11944: result: no
configure:11962: checking for fork
configure:12018: gcc -o conftest -g -O2   conftest.c  >&5
conftest.c:74: warning: conflicting types for built-in function 'fork'
configure:12024: $? = 0
configure:12042: result: yes
configure:11962: checking for vfork
configure:12018: gcc -o conftest -g -O2   conftest.c  >&5
configure:12024: $? = 0
configure:12042: result: yes
configure:12053: checking for working fork
configure:12085: gcc -o conftest -g -O2   conftest.c  >&5
configure:12088: $? = 0
configure:12094: ./conftest
configure:12097: $? = 0
configure:12113: result: yes
configure:12134: checking for working vfork
configure:12272: result: yes
configure:12308: checking for stdlib.h
configure:12314: result: yes
configure:12448: checking for GNU libc compatible realloc
configure:12482: gcc -o conftest -g -O2   conftest.c  >&5
configure:12485: $? = 0
configure:12491: ./conftest
configure:12494: $? = 0
configure:12510: result: yes
configure:12554: checking sys/select.h usability
configure:12571: gcc -c -g -O2  conftest.c >&5
configure:12577: $? = 0
configure:12591: result: yes
configure:12595: checking sys/select.h presence
configure:12610: gcc -E  conftest.c
configure:12616: $? = 0
configure:12630: result: yes
configure:12663: checking for sys/select.h
configure:12671: result: yes
configure:12544: checking for sys/socket.h
configure:12550: result: yes
configure:12684: checking types of arguments for select
configure:12722: gcc -c -g -O2  conftest.c >&5
configure:12728: $? = 0
configure:12749: result: int,fd_set *,struct timeval *
configure:12772: checking return type of signal handlers
configure:12800: gcc -c -g -O2  conftest.c >&5
conftest.c: In function 'main':
conftest.c:68: error: void value not ignored as it ought to be
configure:12806: $? = 1
configure: failed program was:
| /* confdefs.h.  */
| #define PACKAGE_NAME "bibledit"
| #define PACKAGE_TARNAME "bibledit"
| #define PACKAGE_VERSION "3.1.53"
| #define PACKAGE_STRING "bibledit 3.1.53"
| #define PACKAGE_BUGREPORT "http://www.nongnu.org/bibledit"
| #define PACKAGE "bibledit"
| #define VERSION "3.1.53"
| #define STDC_HEADERS 1
| #define HAVE_PANGO_UNDERLINE_ERROR 1
| #define FIXED_PANGO 1
| #define HAVE_MOZILLA_TOOLKIT 1
| #define HAVE_GECKO_1_7 1
| #define HAVE_GECKO_1_8 1
| #define USE_GTKMOZEMBED 1
| #define STDC_HEADERS 1
| #define HAVE_SYS_TYPES_H 1
| #define HAVE_SYS_STAT_H 1
| #define HAVE_STDLIB_H 1
| #define HAVE_STRING_H 1
| #define HAVE_MEMORY_H 1
| #define HAVE_STRINGS_H 1
| #define HAVE_INTTYPES_H 1
| #define HAVE_STDINT_H 1
| #define HAVE_UNISTD_H 1
| #define HAVE_FCNTL_H 1
| #define HAVE_UNISTD_H 1
| #define HAVE_SYS_UIO_H 1
| #define HAVE_DIRENT_H 1
| #define HAVE_SYS_WAIT_H 1
| #define HAVE_ARPA_INET_H 1
| #define HAVE_LIMITS_H 1
| #define HAVE_LOCALE_H 1
| #define HAVE_NETDB_H 1
| #define HAVE_NETINET_IN_H 1
| #define HAVE_STDDEF_H 1
| #define HAVE_STDLIB_H 1
| #define HAVE_STRING_H 1
| #define HAVE_SYS_FILE_H 1
| #define HAVE_SYS_SOCKET_H 1
| #define HAVE_SYS_TIME_H 1
| #define HAVE_UNISTD_H 1
| #define HAVE_SYS_IOCTL_H 1
| #define HAVE_ASPELL_H 1
| #define HAVE__BOOL 1
| #define HAVE_STDBOOL_H 1
| #define TIME_WITH_SYS_TIME 1
| #define HAVE_STRDUP 1
| #define HAVE_STRSTR 1
| #define HAVE_FORK 1
| #define HAVE_VFORK 1
| #define HAVE_WORKING_VFORK 1
| #define HAVE_WORKING_FORK 1
| #define HAVE_STDLIB_H 1
| #define HAVE_REALLOC 1
| #define HAVE_SYS_SELECT_H 1
| #define HAVE_SYS_SOCKET_H 1
| #define SELECT_TYPE_ARG1 int
| #define SELECT_TYPE_ARG234 (fd_set *)
| #define SELECT_TYPE_ARG5 (struct timeval *)
| /* end confdefs.h.  */
| #include <sys/types.h>
| #include <signal.h>
| 
| int
| main ()
| {
| return *(signal (0, 0)) (0) == 1;
|   ;
|   return 0;
| }
configure:12821: result: void
configure:12829: checking whether lstat dereferences a symlink specified with a trailing slash
configure:12865: gcc -o conftest -g -O2   conftest.c  >&5
configure:12868: $? = 0
configure:12874: ./conftest
configure:12877: $? = 0
configure:12900: result: yes
configure:12919: checking whether stat accepts an empty string
configure:12949: gcc -o conftest -g -O2   conftest.c  >&5
configure:12952: $? = 0
configure:12958: ./conftest
configure:12961: $? = 0
configure:12977: result: no
configure:12993: checking for working strtod
configure:13044: gcc -o conftest -g -O2   conftest.c  >&5
configure:13047: $? = 0
configure:13053: ./conftest
configure:13056: $? = 0
configure:13072: result: yes
configure:13257: checking for atexit
configure:13313: gcc -o conftest -g -O2   conftest.c  >&5
configure:13319: $? = 0
configure:13337: result: yes
configure:13257: checking for dup2
configure:13313: gcc -o conftest -g -O2   conftest.c  >&5
configure:13319: $? = 0
configure:13337: result: yes
configure:13257: checking for ftruncate
configure:13313: gcc -o conftest -g -O2   conftest.c  >&5
configure:13319: $? = 0
configure:13337: result: yes
configure:13257: checking for inet_ntoa
configure:13313: gcc -o conftest -g -O2   conftest.c  >&5
configure:13319: $? = 0
configure:13337: result: yes
configure:13257: checking for memchr
configure:13313: gcc -o conftest -g -O2   conftest.c  >&5
configure:13319: $? = 0
configure:13337: result: yes
configure:13257: checking for memmove
configure:13313: gcc -o conftest -g -O2   conftest.c  >&5
conftest.c:92: warning: conflicting types for built-in function 'memmove'
configure:13319: $? = 0
configure:13337: result: yes
configure:13257: checking for memset
configure:13313: gcc -o conftest -g -O2   conftest.c  >&5
conftest.c:93: warning: conflicting types for built-in function 'memset'
configure:13319: $? = 0
configure:13337: result: yes
configure:13257: checking for mkdir
configure:13313: gcc -o conftest -g -O2   conftest.c  >&5
configure:13319: $? = 0
configure:13337: result: yes
configure:13257: checking for rint
configure:13313: gcc -o conftest -g -O2   conftest.c  >&5
conftest.c:95: warning: conflicting types for built-in function 'rint'
/tmp/cc2xuY1W.o: In function `main':
/home/teus/documents/dev/bibledit/conftest.c:106: undefined reference to `rint'
collect2: ld returned 1 exit status
configure:13319: $? = 1
configure: failed program was:
| /* confdefs.h.  */
| #define PACKAGE_NAME "bibledit"
| #define PACKAGE_TARNAME "bibledit"
| #define PACKAGE_VERSION "3.1.53"
| #define PACKAGE_STRING "bibledit 3.1.53"
| #define PACKAGE_BUGREPORT "http://www.nongnu.org/bibledit"
| #define PACKAGE "bibledit"
| #define VERSION "3.1.53"
| #define STDC_HEADERS 1
| #define HAVE_PANGO_UNDERLINE_ERROR 1
| #define FIXED_PANGO 1
| #define HAVE_MOZILLA_TOOLKIT 1
| #define HAVE_GECKO_1_7 1
| #define HAVE_GECKO_1_8 1
| #define USE_GTKMOZEMBED 1
| #define STDC_HEADERS 1
| #define HAVE_SYS_TYPES_H 1
| #define HAVE_SYS_STAT_H 1
| #define HAVE_STDLIB_H 1
| #define HAVE_STRING_H 1
| #define HAVE_MEMORY_H 1
| #define HAVE_STRINGS_H 1
| #define HAVE_INTTYPES_H 1
| #define HAVE_STDINT_H 1
| #define HAVE_UNISTD_H 1
| #define HAVE_FCNTL_H 1
| #define HAVE_UNISTD_H 1
| #define HAVE_SYS_UIO_H 1
| #define HAVE_DIRENT_H 1
| #define HAVE_SYS_WAIT_H 1
| #define HAVE_ARPA_INET_H 1
| #define HAVE_LIMITS_H 1
| #define HAVE_LOCALE_H 1
| #define HAVE_NETDB_H 1
| #define HAVE_NETINET_IN_H 1
| #define HAVE_STDDEF_H 1
| #define HAVE_STDLIB_H 1
| #define HAVE_STRING_H 1
| #define HAVE_SYS_FILE_H 1
| #define HAVE_SYS_SOCKET_H 1
| #define HAVE_SYS_TIME_H 1
| #define HAVE_UNISTD_H 1
| #define HAVE_SYS_IOCTL_H 1
| #define HAVE_ASPELL_H 1
| #define HAVE__BOOL 1
| #define HAVE_STDBOOL_H 1
| #define TIME_WITH_SYS_TIME 1
| #define HAVE_STRDUP 1
| #define HAVE_STRSTR 1
| #define HAVE_FORK 1
| #define HAVE_VFORK 1
| #define HAVE_WORKING_VFORK 1
| #define HAVE_WORKING_FORK 1
| #define HAVE_STDLIB_H 1
| #define HAVE_REALLOC 1
| #define HAVE_SYS_SELECT_H 1
| #define HAVE_SYS_SOCKET_H 1
| #define SELECT_TYPE_ARG1 int
| #define SELECT_TYPE_ARG234 (fd_set *)
| #define SELECT_TYPE_ARG5 (struct timeval *)
| #define RETSIGTYPE void
| #define LSTAT_FOLLOWS_SLASHED_SYMLINK 1
| #define HAVE_ATEXIT 1
| #define HAVE_DUP2 1
| #define HAVE_FTRUNCATE 1
| #define HAVE_INET_NTOA 1
| #define HAVE_MEMCHR 1
| #define HAVE_MEMMOVE 1
| #define HAVE_MEMSET 1
| #define HAVE_MKDIR 1
| /* end confdefs.h.  */
| /* Define rint to an innocuous variant, in case <limits.h> declares rint.
|    For example, HP-UX 11i <limits.h> declares gettimeofday.  */
| #define rint innocuous_rint
| 
| /* System header to define __stub macros and hopefully few prototypes,
|     which can conflict with char rint (); below.
|     Prefer <limits.h> to <assert.h> if __STDC__ is defined, since
|     <limits.h> exists even on freestanding compilers.  */
| 
| #ifdef __STDC__
| # include <limits.h>
| #else
| # include <assert.h>
| #endif
| 
| #undef rint
| 
| /* Override any GCC internal prototype to avoid an error.
|    Use char because int might match the return type of a GCC
|    builtin and then its argument prototype would still apply.  */
| #ifdef __cplusplus
| extern "C"
| #endif
| char rint ();
| /* The GNU C library defines this for functions which it implements
|     to always fail with ENOSYS.  Some functions are actually named
|     something starting with __ and the normal name is an alias.  */
| #if defined __stub_rint || defined __stub___rint
| choke me
| #endif
| 
| int
| main ()
| {
| return rint ();
|   ;
|   return 0;
| }
configure:13337: result: no
configure:13257: checking for select
configure:13313: gcc -o conftest -g -O2   conftest.c  >&5
configure:13319: $? = 0
configure:13337: result: yes
configure:13257: checking for setlocale
configure:13313: gcc -o conftest -g -O2   conftest.c  >&5
configure:13319: $? = 0
configure:13337: result: yes
configure:13257: checking for socket
configure:13313: gcc -o conftest -g -O2   conftest.c  >&5
configure:13319: $? = 0
configure:13337: result: yes
configure:13257: checking for strchr
configure:13313: gcc -o conftest -g -O2   conftest.c  >&5
conftest.c:98: warning: conflicting types for built-in function 'strchr'
configure:13319: $? = 0
configure:13337: result: yes
configure:13257: checking for strcspn
configure:13313: gcc -o conftest -g -O2   conftest.c  >&5
conftest.c:99: warning: conflicting types for built-in function 'strcspn'
configure:13319: $? = 0
configure:13337: result: yes
configure:13257: checking for strpbrk
configure:13313: gcc -o conftest -g -O2   conftest.c  >&5
conftest.c:100: warning: conflicting types for built-in function 'strpbrk'
configure:13319: $? = 0
configure:13337: result: yes
configure:13257: checking for strrchr
configure:13313: gcc -o conftest -g -O2   conftest.c  >&5
conftest.c:101: warning: conflicting types for built-in function 'strrchr'
configure:13319: $? = 0
configure:13337: result: yes
configure:13257: checking for strstr
configure:13337: result: yes
configure:13257: checking for strtol
configure:13313: gcc -o conftest -g -O2   conftest.c  >&5
configure:13319: $? = 0
configure:13337: result: yes
configure:13352: checking for gethostbyname
configure:13408: gcc -o conftest -g -O2   conftest.c  >&5
configure:13414: $? = 0
configure:13432: result: yes
configure:13352: checking for gethostbyaddr
configure:13408: gcc -o conftest -g -O2   conftest.c  >&5
configure:13414: $? = 0
configure:13432: result: yes
configure:13453: checking for endgrent
configure:13509: gcc -o conftest -g -O2   conftest.c  >&5
configure:13515: $? = 0
configure:13533: result: yes
configure:13453: checking for endpwent
configure:13509: gcc -o conftest -g -O2   conftest.c  >&5
configure:13515: $? = 0
configure:13533: result: yes
configure:13453: checking for getcwd
configure:13509: gcc -o conftest -g -O2   conftest.c  >&5
configure:13515: $? = 0
configure:13533: result: yes
configure:13453: checking for gethostname
configure:13509: gcc -o conftest -g -O2   conftest.c  >&5
configure:13515: $? = 0
configure:13533: result: yes
configure:13453: checking for strerror
configure:13509: gcc -o conftest -g -O2   conftest.c  >&5
configure:13515: $? = 0
configure:13533: result: yes
configure:13453: checking for tzset
configure:13509: gcc -o conftest -g -O2   conftest.c  >&5
configure:13515: $? = 0
configure:13533: result: yes
configure:13453: checking for mkfifo
configure:13509: gcc -o conftest -g -O2   conftest.c  >&5
configure:13515: $? = 0
configure:13533: result: yes
configure:13453: checking for stpcpy
configure:13509: gcc -o conftest -g -O2   conftest.c  >&5
conftest.c:113: warning: conflicting types for built-in function 'stpcpy'
configure:13515: $? = 0
configure:13533: result: yes
configure:13558: checking sys/param.h usability
configure:13575: gcc -c -g -O2  conftest.c >&5
configure:13581: $? = 0
configure:13595: result: yes
configure:13599: checking sys/param.h presence
configure:13614: gcc -E  conftest.c
configure:13620: $? = 0
configure:13634: result: yes
configure:13667: checking for sys/param.h
configure:13675: result: yes
configure:13688: checking for uid_t in sys/types.h
configure:13711: result: yes
configure:13731: checking for unistd.h
configure:13737: result: yes
configure:13871: checking for working chown
configure:13914: gcc -o conftest -g -O2   conftest.c  >&5
configure:13917: $? = 0
configure:13923: ./conftest
configure:13926: $? = 0
configure:13944: result: yes
configure:13954: checking whether lstat accepts an empty string
configure:13984: gcc -o conftest -g -O2   conftest.c  >&5
configure:13987: $? = 0
configure:13993: ./conftest
configure:13996: $? = 0
configure:14012: result: no
configure:14028: checking for uid_t in sys/types.h
configure:14051: result: yes
configure:14066: checking for error_at_line
configure:14092: gcc -o conftest -g -O2   conftest.c  >&5
configure:14098: $? = 0
configure:14115: result: yes
configure:14127: checking whether gcc needs -traditional
configure:14169: result: no
configure:14186: checking whether to enable WIN32 specific flags
configure:14196: result: no
configure:14438: creating ./config.status

## ---------------- ##
## Cache variables. ##
## ---------------- ##

ac_cv_build=i686-pc-linux-gnu
ac_cv_c_compiler_gnu=yes
ac_cv_c_const=yes
ac_cv_c_inline=inline
ac_cv_c_volatile=yes
ac_cv_cxx_compiler_gnu=yes
ac_cv_env_CCC_set=
ac_cv_env_CCC_value=
ac_cv_env_CC_set=
ac_cv_env_CC_value=
ac_cv_env_CFLAGS_set=
ac_cv_env_CFLAGS_value=
ac_cv_env_CPPFLAGS_set=
ac_cv_env_CPPFLAGS_value=
ac_cv_env_CPP_set=
ac_cv_env_CPP_value=
ac_cv_env_CXXFLAGS_set=
ac_cv_env_CXXFLAGS_value=
ac_cv_env_CXX_set=
ac_cv_env_CXX_value=
ac_cv_env_ENCHANT_CFLAGS_set=
ac_cv_env_ENCHANT_CFLAGS_value=
ac_cv_env_ENCHANT_LIBS_set=
ac_cv_env_ENCHANT_LIBS_value=
ac_cv_env_GTKSPELL_CFLAGS_set=
ac_cv_env_GTKSPELL_CFLAGS_value=
ac_cv_env_GTKSPELL_LIBS_set=
ac_cv_env_GTKSPELL_LIBS_value=
ac_cv_env_GTK_CFLAGS_set=
ac_cv_env_GTK_CFLAGS_value=
ac_cv_env_GTK_LIBS_set=
ac_cv_env_GTK_LIBS_value=
ac_cv_env_LDFLAGS_set=
ac_cv_env_LDFLAGS_value=
ac_cv_env_LIBS_set=
ac_cv_env_LIBS_value=
ac_cv_env_MOZILLA_COMPONENT_CFLAGS_set=
ac_cv_env_MOZILLA_COMPONENT_CFLAGS_value=
ac_cv_env_MOZILLA_COMPONENT_LIBS_set=
ac_cv_env_MOZILLA_COMPONENT_LIBS_value=
ac_cv_env_PACKAGE_CFLAGS_set=
ac_cv_env_PACKAGE_CFLAGS_value=
ac_cv_env_PACKAGE_LIBS_set=
ac_cv_env_PACKAGE_LIBS_value=
ac_cv_env_PANGO_CFLAGS_set=
ac_cv_env_PANGO_CFLAGS_value=
ac_cv_env_PANGO_LIBS_set=
ac_cv_env_PANGO_LIBS_value=
ac_cv_env_PKG_CONFIG_set=
ac_cv_env_PKG_CONFIG_value=
ac_cv_env_build_alias_set=
ac_cv_env_build_alias_value=
ac_cv_env_fontconfig_CFLAGS_set=
ac_cv_env_fontconfig_CFLAGS_value=
ac_cv_env_fontconfig_LIBS_set=
ac_cv_env_fontconfig_LIBS_value=
ac_cv_env_host_alias_set=
ac_cv_env_host_alias_value=
ac_cv_env_target_alias_set=
ac_cv_env_target_alias_value=
ac_cv_func_atexit=yes
ac_cv_func_chown_works=yes
ac_cv_func_closedir_void=no
ac_cv_func_dup2=yes
ac_cv_func_endgrent=yes
ac_cv_func_endpwent=yes
ac_cv_func_fork=yes
ac_cv_func_fork_works=yes
ac_cv_func_ftruncate=yes
ac_cv_func_getcwd=yes
ac_cv_func_gethostbyaddr=yes
ac_cv_func_gethostbyname=yes
ac_cv_func_gethostname=yes
ac_cv_func_inet_ntoa=yes
ac_cv_func_lstat_dereferences_slashed_symlink=yes
ac_cv_func_lstat_empty_string_bug=no
ac_cv_func_memchr=yes
ac_cv_func_memmove=yes
ac_cv_func_memset=yes
ac_cv_func_mkdir=yes
ac_cv_func_mkfifo=yes
ac_cv_func_realloc_0_nonnull=yes
ac_cv_func_rint=no
ac_cv_func_select=yes
ac_cv_func_select_args='int,fd_set *,struct timeval *'
ac_cv_func_setlocale=yes
ac_cv_func_socket=yes
ac_cv_func_stat_empty_string_bug=no
ac_cv_func_stpcpy=yes
ac_cv_func_strchr=yes
ac_cv_func_strcspn=yes
ac_cv_func_strdup=yes
ac_cv_func_strerror=yes
ac_cv_func_strpbrk=yes
ac_cv_func_strrchr=yes
ac_cv_func_strstr=yes
ac_cv_func_strtod=yes
ac_cv_func_strtol=yes
ac_cv_func_tzset=yes
ac_cv_func_vfork=yes
ac_cv_func_vfork_works=yes
ac_cv_header_arpa_inet_h=yes
ac_cv_header_aspell_h=yes
ac_cv_header_dirent_dirent_h=yes
ac_cv_header_fcntl_h=yes
ac_cv_header_inttypes_h=yes
ac_cv_header_limits_h=yes
ac_cv_header_locale_h=yes
ac_cv_header_memory_h=yes
ac_cv_header_netdb_h=yes
ac_cv_header_netinet_in_h=yes
ac_cv_header_pspell_pspell_h=no
ac_cv_header_sqlite3_h=yes
ac_cv_header_stdbool_h=yes
ac_cv_header_stdc=yes
ac_cv_header_stddef_h=yes
ac_cv_header_stdint_h=yes
ac_cv_header_stdlib_h=yes
ac_cv_header_string_h=yes
ac_cv_header_strings_h=yes
ac_cv_header_sys_file_h=yes
ac_cv_header_sys_ioctl_h=yes
ac_cv_header_sys_param_h=yes
ac_cv_header_sys_select_h=yes
ac_cv_header_sys_socket_h=yes
ac_cv_header_sys_stat_h=yes
ac_cv_header_sys_time_h=yes
ac_cv_header_sys_types_h=yes
ac_cv_header_sys_uio_h=yes
ac_cv_header_sys_wait_h=yes
ac_cv_header_time=yes
ac_cv_header_unistd_h=yes
ac_cv_header_vfork_h=no
ac_cv_host=i686-pc-linux-gnu
ac_cv_lib_error_at_line=yes
ac_cv_objext=o
ac_cv_path_CAT_PATH=/bin/cat
ac_cv_path_DATE_PATH=/bin/date
ac_cv_path_EGREP='/bin/grep -E'
ac_cv_path_FIND_GIT=/usr/bin/git
ac_cv_path_FIND_GPP=/usr/bin/g++
ac_cv_path_FIND_PATH=/usr/bin/find
ac_cv_path_FIND_PING=/bin/ping
ac_cv_path_FIND_XARGS=/usr/bin/xargs
ac_cv_path_GREP=/bin/grep
ac_cv_path_GREP_PATH=/bin/grep
ac_cv_path_GUNZIP_PATH=/bin/gunzip
ac_cv_path_GZIP_PATH=/bin/gzip
ac_cv_path_HEAD_PATH=/usr/bin/head
ac_cv_path_ICONV_PATH=/usr/bin/iconv
ac_cv_path_MAKE_PATH=/usr/bin/make
ac_cv_path_PKG_CONFIG_PATH=/usr/bin/pkg-config
ac_cv_path_SORT_PATH=/usr/bin/sort
ac_cv_path_STRINGS_PATH=/usr/bin/strings
ac_cv_path_TAIL_PATH=/usr/bin/tail
ac_cv_path_TEE_TOUCH=/usr/bin/touch
ac_cv_path_XML2_CONFIG=/usr/bin/xml2-config
ac_cv_path_ac_pt_PKG_CONFIG=/usr/bin/pkg-config
ac_cv_path_install='/usr/bin/install -c'
ac_cv_prog_AWK=mawk
ac_cv_prog_CPP='gcc -E'
ac_cv_prog_ac_ct_CC=gcc
ac_cv_prog_ac_ct_CXX=g++
ac_cv_prog_ac_ct_RANLIB=ranlib
ac_cv_prog_cc_c89=
ac_cv_prog_cc_g=yes
ac_cv_prog_cxx_g=yes
ac_cv_prog_gcc_traditional=no
ac_cv_prog_make_make_set=yes
ac_cv_search_opendir='none required'
ac_cv_search_strerror='none required'
ac_cv_target=i686-pc-linux-gnu
ac_cv_type__Bool=yes
ac_cv_type_pid_t=yes
ac_cv_type_signal=void
ac_cv_type_size_t=yes
ac_cv_type_uid_t=yes
am_cv_CC_dependencies_compiler_type=gcc3
am_cv_CXX_dependencies_compiler_type=gcc3
am_cv_prog_cc_stdc=
gecko_cv_extra_libs=
gecko_cv_extra_pkg_dependencies=xulrunner-gtkmozembed
gecko_cv_gecko=xulrunner
gecko_cv_gecko_flavour=toolkit
gecko_cv_gecko_version=1.8
gecko_cv_gecko_version_int=1008000
gecko_cv_have_debug=no
gecko_cv_have_gecko=yes
gecko_cv_have_gecko_1_7=yes
gecko_cv_have_gecko_1_8=yes
gecko_cv_have_usable_wchar_option=yes
pkg_cv_ENCHANT_CFLAGS='-I/usr/include/enchant -I/usr/include/glib-2.0 -I/usr/lib/glib-2.0/include  '
pkg_cv_ENCHANT_LIBS='-Wl,--export-dynamic -lenchant -lgmodule-2.0 -ldl -lglib-2.0  '
pkg_cv_GTKSPELL_CFLAGS='-I/usr/include/gtk-2.0 -I/usr/lib/gtk-2.0/include -I/usr/include/atk-1.0 -I/usr/include/cairo -I/usr/include/pango-1.0 -I/usr/include/glib-2.0 -I/usr/lib/glib-2.0/include -I/usr/include/freetype2 -I/usr/include/libpng12  '
pkg_cv_GTKSPELL_LIBS='-lgtk-x11-2.0 -lgdk-x11-2.0 -latk-1.0 -lgdk_pixbuf-2.0 -lm -lpangocairo-1.0 -lfontconfig -lXext -lXrender -lXinerama -lXi -lXrandr -lXcursor -lXfixes -lpango-1.0 -lcairo -lX11 -lgobject-2.0 -lgmodule-2.0 -ldl -lglib-2.0  '
pkg_cv_GTK_CFLAGS='-I/usr/include/gtk-2.0 -I/usr/lib/gtk-2.0/include -I/usr/include/atk-1.0 -I/usr/include/cairo -I/usr/include/pango-1.0 -I/usr/include/glib-2.0 -I/usr/lib/glib-2.0/include -I/usr/include/freetype2 -I/usr/include/libpng12  '
pkg_cv_GTK_LIBS='-lgtk-x11-2.0 -latk-1.0 -lgdk-x11-2.0 -lgdk_pixbuf-2.0 -lm -lpangocairo-1.0 -lfontconfig -lXext -lXrender -lXinerama -lXi -lXrandr -lXcursor -lXfixes -lpango-1.0 -lcairo -lgobject-2.0 -lgmodule-2.0 -ldl -lglib-2.0 -lX11  '
pkg_cv_MOZILLA_COMPONENT_CFLAGS='-I/usr/include/xulrunner -I/usr/include/xulrunner/xpcom -I/usr/include/xulrunner/string -I/usr/include/nspr -I/usr/include/xulrunner/gtkembedmoz  '
pkg_cv_MOZILLA_COMPONENT_LIBS='-L/usr/lib/xulrunner -lgtkembedmoz -lxpcom -lplds4 -lplc4 -lnspr4 -lpthread -ldl  '
pkg_cv_PACKAGE_CFLAGS=' '
pkg_cv_PACKAGE_LIBS='-lfontconfig  '
pkg_cv_PANGO_CFLAGS='-I/usr/include/pango-1.0 -I/usr/include/glib-2.0 -I/usr/lib/glib-2.0/include  '
pkg_cv_PANGO_LIBS='-lpango-1.0 -lgobject-2.0 -lgmodule-2.0 -ldl -lglib-2.0  '
pkg_cv_fontconfig_CFLAGS=' '
pkg_cv_fontconfig_LIBS='-lfontconfig  '

## ----------------- ##
## Output variables. ##
## ----------------- ##

ACLOCAL='${SHELL} /home/teus/documents/dev/bibledit/missing --run aclocal-1.9'
AMDEPBACKSLASH='\'
AMDEP_FALSE='#'
AMDEP_TRUE=''
AMTAR='${SHELL} /home/teus/documents/dev/bibledit/missing --run tar'
AUTOCONF='${SHELL} /home/teus/documents/dev/bibledit/missing --run autoconf'
AUTOHEADER='${SHELL} /home/teus/documents/dev/bibledit/missing --run autoheader'
AUTOMAKE='${SHELL} /home/teus/documents/dev/bibledit/missing --run automake-1.9'
AWK='mawk'
CAT_PATH='/bin/cat'
CC='gcc'
CCDEPMODE='depmode=gcc3'
CFLAGS='-g -O2'
CPP='gcc -E'
CPPFLAGS=''
CXX='g++'
CXXDEPMODE='depmode=gcc3'
CXXFLAGS='-g -O2'
CYGPATH_W='echo'
DATE_PATH='/bin/date'
DEFS='-DHAVE_CONFIG_H'
DEPDIR='.deps'
ECHO_C=''
ECHO_N='-n'
ECHO_T=''
EGREP='/bin/grep -E'
ENCHANT_CFLAGS='-I/usr/include/enchant -I/usr/include/glib-2.0 -I/usr/lib/glib-2.0/include  '
ENCHANT_LIBS='-Wl,--export-dynamic -lenchant -lgmodule-2.0 -ldl -lglib-2.0  '
EXEEXT=''
FIND_GIT='/usr/bin/git'
FIND_GPP='/usr/bin/g++'
FIND_PATH='/usr/bin/find'
FIND_PING='/bin/ping'
FIND_XARGS='/usr/bin/xargs'
GREP='/bin/grep'
GREP_PATH='/bin/grep'
GTKSPELL_CFLAGS='-I/usr/include/gtk-2.0 -I/usr/lib/gtk-2.0/include -I/usr/include/atk-1.0 -I/usr/include/cairo -I/usr/include/pango-1.0 -I/usr/include/glib-2.0 -I/usr/lib/glib-2.0/include -I/usr/include/freetype2 -I/usr/include/libpng12  '
GTKSPELL_LIBS='-lgtk-x11-2.0 -lgdk-x11-2.0 -latk-1.0 -lgdk_pixbuf-2.0 -lm -lpangocairo-1.0 -lfontconfig -lXext -lXrender -lXinerama -lXi -lXrandr -lXcursor -lXfixes -lpango-1.0 -lcairo -lX11 -lgobject-2.0 -lgmodule-2.0 -ldl -lglib-2.0  '
GTKSPELL_PACKAGES='gtk+-2.0'
GTK_CFLAGS='-I/usr/include/gtk-2.0 -I/usr/lib/gtk-2.0/include -I/usr/include/atk-1.0 -I/usr/include/cairo -I/usr/include/pango-1.0 -I/usr/include/glib-2.0 -I/usr/lib/glib-2.0/include -I/usr/include/freetype2 -I/usr/include/libpng12  '
GTK_LIBS='-lgtk-x11-2.0 -latk-1.0 -lgdk-x11-2.0 -lgdk_pixbuf-2.0 -lm -lpangocairo-1.0 -lfontconfig -lXext -lXrender -lXinerama -lXi -lXrandr -lXcursor -lXfixes -lpango-1.0 -lcairo -lgobject-2.0 -lgmodule-2.0 -ldl -lglib-2.0 -lX11  '
GUNZIP_PATH='/bin/gunzip'
GZIP_PATH='/bin/gzip'
HAVE_GECKO_1_7_FALSE='#'
HAVE_GECKO_1_7_TRUE=''
HAVE_GECKO_1_8_1_FALSE=''
HAVE_GECKO_1_8_1_TRUE='#'
HAVE_GECKO_1_8_FALSE='#'
HAVE_GECKO_1_8_TRUE=''
HAVE_GECKO_1_9_FALSE=''
HAVE_GECKO_1_9_TRUE='#'
HAVE_GECKO_DEBUG_FALSE=''
HAVE_GECKO_DEBUG_TRUE='#'
HAVE_MOZILLA_TOOLKIT_FALSE='#'
HAVE_MOZILLA_TOOLKIT_TRUE=''
HEAD_PATH='/usr/bin/head'
ICONV_PATH='/usr/bin/iconv'
INSTALL_DATA='${INSTALL} -m 644'
INSTALL_PROGRAM='${INSTALL}'
INSTALL_SCRIPT='${INSTALL}'
INSTALL_STRIP_PROGRAM='${SHELL} $(install_sh) -c -s'
LDFLAGS=''
LIBOBJS=''
LIBS=''
LTLIBOBJS=''
MAKEINFO='${SHELL} /home/teus/documents/dev/bibledit/missing --run makeinfo'
MAKE_PATH='/usr/bin/make'
MOZILLA='xulrunner'
MOZILLA_COMPONENT_CFLAGS='-I/usr/include/xulrunner -I/usr/include/xulrunner/xpcom -I/usr/include/xulrunner/string -I/usr/include/nspr -I/usr/include/xulrunner/gtkembedmoz  '
MOZILLA_COMPONENT_LIBS='-L/usr/lib/xulrunner -lgtkembedmoz -lxpcom -lplds4 -lplc4 -lnspr4 -lpthread -ldl  '
MOZILLA_EXTRA_LIBS=''
MOZILLA_FLAVOUR='toolkit'
MOZILLA_HOME='/usr/lib/xulrunner'
MOZILLA_INCLUDE_ROOT='/usr/include/xulrunner'
MOZILLA_PREFIX='/usr'
OBJEXT='o'
PACKAGE='bibledit'
PACKAGE_BUGREPORT='http://www.nongnu.org/bibledit'
PACKAGE_CFLAGS=' '
PACKAGE_LIBS='-lfontconfig  '
PACKAGE_NAME='bibledit'
PACKAGE_STRING='bibledit 3.1.53'
PACKAGE_TARNAME='bibledit'
PACKAGE_VERSION='3.1.53'
PANGO_CFLAGS='-I/usr/include/pango-1.0 -I/usr/include/glib-2.0 -I/usr/lib/glib-2.0/include  '
PANGO_LIBS='-lpango-1.0 -lgobject-2.0 -lgmodule-2.0 -ldl -lglib-2.0  '
PATH_SEPARATOR=':'
PKG_CONFIG='/usr/bin/pkg-config'
PKG_CONFIG_PATH='/usr/bin/pkg-config'
POW_LIB=''
RANLIB='ranlib'
SET_MAKE=''
SHELL='/bin/sh'
SORT_PATH='/usr/bin/sort'
SPELLER_LIB=''
STRINGS_PATH='/usr/bin/strings'
STRIP=''
TAIL_PATH='/usr/bin/tail'
TEE_TOUCH='/usr/bin/touch'
USE_GTKMOZEMBED_FALSE='#'
USE_GTKMOZEMBED_TRUE=''
VERSION='3.1.53'
WIN32_FALSE=''
WIN32_TRUE='#'
XML2_CONFIG='/usr/bin/xml2-config'
XML_CPPFLAGS='-I/usr/include/libxml2'
XML_LIBS='-L/usr/lib -lxml2'
ac_ct_CC='gcc'
ac_ct_CXX='g++'
am__fastdepCC_FALSE='#'
am__fastdepCC_TRUE=''
am__fastdepCXX_FALSE='#'
am__fastdepCXX_TRUE=''
am__include='include'
am__leading_dot='.'
am__quote=''
am__tar='${AMTAR} chof - "$$tardir"'
am__untar='${AMTAR} xf -'
bin=''
bindir='${exec_prefix}/bin'
build='i686-pc-linux-gnu'
build_alias=''
build_cpu='i686'
build_os='linux-gnu'
build_vendor='pc'
datadir='${datarootdir}'
datarootdir='${prefix}/share'
doc=''
docdir='${datarootdir}/doc/${PACKAGE_TARNAME}'
dvidir='${docdir}'
exec_prefix='${prefix}'
fontconfig_CFLAGS=' '
fontconfig_LIBS='-lfontconfig  '
host='i686-pc-linux-gnu'
host_alias=''
host_cpu='i686'
host_os='linux-gnu'
host_vendor='pc'
htmldir='${docdir}'
includedir='${prefix}/include'
infodir='${datarootdir}/info'
install_sh='/home/teus/documents/dev/bibledit/install-sh'
lib=''
libdir='${exec_prefix}/lib'
libexecdir='${exec_prefix}/libexec'
localedir='${datarootdir}/locale'
localstatedir='${prefix}/var'
mandir='${datarootdir}/man'
mkdir_p='mkdir -p --'
oldincludedir='/usr/include'
pdfdir='${docdir}'
prefix='/usr'
program_transform_name='s,x,x,'
psdir='${docdir}'
sbindir='${exec_prefix}/sbin'
sharedstatedir='${prefix}/com'
src=''
sysconfdir='${prefix}/etc'
target='i686-pc-linux-gnu'
target_alias=''
target_cpu='i686'
target_os='linux-gnu'
target_vendor='pc'
util=''

## ----------- ##
## confdefs.h. ##
## ----------- ##

#define PACKAGE_NAME "bibledit"
#define PACKAGE_TARNAME "bibledit"
#define PACKAGE_VERSION "3.1.53"
#define PACKAGE_STRING "bibledit 3.1.53"
#define PACKAGE_BUGREPORT "http://www.nongnu.org/bibledit"
#define PACKAGE "bibledit"
#define VERSION "3.1.53"
#define STDC_HEADERS 1
#define HAVE_PANGO_UNDERLINE_ERROR 1
#define FIXED_PANGO 1
#define HAVE_MOZILLA_TOOLKIT 1
#define HAVE_GECKO_1_7 1
#define HAVE_GECKO_1_8 1
#define USE_GTKMOZEMBED 1
#define STDC_HEADERS 1
#define HAVE_SYS_TYPES_H 1
#define HAVE_SYS_STAT_H 1
#define HAVE_STDLIB_H 1
#define HAVE_STRING_H 1
#define HAVE_MEMORY_H 1
#define HAVE_STRINGS_H 1
#define HAVE_INTTYPES_H 1
#define HAVE_STDINT_H 1
#define HAVE_UNISTD_H 1
#define HAVE_FCNTL_H 1
#define HAVE_UNISTD_H 1
#define HAVE_SYS_UIO_H 1
#define HAVE_DIRENT_H 1
#define HAVE_SYS_WAIT_H 1
#define HAVE_ARPA_INET_H 1
#define HAVE_LIMITS_H 1
#define HAVE_LOCALE_H 1
#define HAVE_NETDB_H 1
#define HAVE_NETINET_IN_H 1
#define HAVE_STDDEF_H 1
#define HAVE_STDLIB_H 1
#define HAVE_STRING_H 1
#define HAVE_SYS_FILE_H 1
#define HAVE_SYS_SOCKET_H 1
#define HAVE_SYS_TIME_H 1
#define HAVE_UNISTD_H 1
#define HAVE_SYS_IOCTL_H 1
#define HAVE_ASPELL_H 1
#define HAVE__BOOL 1
#define HAVE_STDBOOL_H 1
#define TIME_WITH_SYS_TIME 1
#define HAVE_STRDUP 1
#define HAVE_STRSTR 1
#define HAVE_FORK 1
#define HAVE_VFORK 1
#define HAVE_WORKING_VFORK 1
#define HAVE_WORKING_FORK 1
#define HAVE_STDLIB_H 1
#define HAVE_REALLOC 1
#define HAVE_SYS_SELECT_H 1
#define HAVE_SYS_SOCKET_H 1
#define SELECT_TYPE_ARG1 int
#define SELECT_TYPE_ARG234 (fd_set *)
#define SELECT_TYPE_ARG5 (struct timeval *)
#define RETSIGTYPE void
#define LSTAT_FOLLOWS_SLASHED_SYMLINK 1
#define HAVE_ATEXIT 1
#define HAVE_DUP2 1
#define HAVE_FTRUNCATE 1
#define HAVE_INET_NTOA 1
#define HAVE_MEMCHR 1
#define HAVE_MEMMOVE 1
#define HAVE_MEMSET 1
#define HAVE_MKDIR 1
#define HAVE_SELECT 1
#define HAVE_SETLOCALE 1
#define HAVE_SOCKET 1
#define HAVE_STRCHR 1
#define HAVE_STRCSPN 1
#define HAVE_STRPBRK 1
#define HAVE_STRRCHR 1
#define HAVE_STRSTR 1
#define HAVE_STRTOL 1
#define HAVE_GETHOSTBYNAME 1
#define HAVE_GETHOSTBYADDR 1
#define HAVE_ENDGRENT 1
#define HAVE_ENDPWENT 1
#define HAVE_GETCWD 1
#define HAVE_GETHOSTNAME 1
#define HAVE_STRERROR 1
#define HAVE_TZSET 1
#define HAVE_MKFIFO 1
#define HAVE_STPCPY 1
#define HAVE_SYS_PARAM_H 1
#define HAVE_UNISTD_H 1
#define HAVE_CHOWN 1
#define PACKAGE_DATA_DIR "/usr/share/bibledit"

configure: exit 0

## ---------------------- ##
## Running config.status. ##
## ---------------------- ##

This file was extended by bibledit config.status 3.1.53, which was
generated by GNU Autoconf 2.61.  Invocation command line was

  CONFIG_FILES    = 
  CONFIG_HEADERS  = 
  CONFIG_LINKS    = 
  CONFIG_COMMANDS = 
  $ ./config.status 

on nw9440

config.status:732: creating Makefile
config.status:732: creating man/Makefile
config.status:732: creating pix/Makefile
config.status:732: creating doc/Makefile
config.status:732: creating src/Makefile
config.status:732: creating scripts/Makefile
config.status:732: creating templates/Makefile
config.status:732: creating olpc/Makefile
config.status:732: creating desktop/Makefile
config.status:732: creating windows/Makefile
config.status:732: creating tests/Makefile
config.status:732: creating eeepc/Makefile
config.status:732: creating config.h
config.status:1035: config.h is unchanged
config.status:1081: executing depfiles commands

## ---------------------- ##
## Running config.status. ##
## ---------------------- ##

This file was extended by bibledit config.status 3.1.53, which was
generated by GNU Autoconf 2.61.  Invocation command line was

  CONFIG_FILES    = 
  CONFIG_HEADERS  = 
  CONFIG_LINKS    = 
  CONFIG_COMMANDS = 
  $ ./config.status config.h

on nw9440

config.status:732: creating config.h
config.status:1035: config.h is unchanged

## ---------------------- ##
## Running config.status. ##
## ---------------------- ##

This file was extended by bibledit config.status 3.1.53, which was
generated by GNU Autoconf 2.61.  Invocation command line was

  CONFIG_FILES    = 
  CONFIG_HEADERS  = 
  CONFIG_LINKS    = 
  CONFIG_COMMANDS = 
  $ ./config.status src/Makefile depfiles

on nw9440

config.status:732: creating src/Makefile
config.status:1081: executing depfiles commands

## ---------------------- ##
## Running config.status. ##
## ---------------------- ##

This file was extended by bibledit config.status 3.1.53, which was
generated by GNU Autoconf 2.61.  Invocation command line was

  CONFIG_FILES    = 
  CONFIG_HEADERS  = 
  CONFIG_LINKS    = 
  CONFIG_COMMANDS = 
  $ ./config.status src/Makefile depfiles

on nw9440

config.status:732: creating src/Makefile
config.status:1081: executing depfiles commands

## ---------------------- ##
## Running config.status. ##
## ---------------------- ##

This file was extended by bibledit config.status 3.1.53, which was
generated by GNU Autoconf 2.61.  Invocation command line was

  CONFIG_FILES    = 
  CONFIG_HEADERS  = 
  CONFIG_LINKS    = 
  CONFIG_COMMANDS = 
  $ ./config.status src/Makefile depfiles

on nw9440

config.status:732: creating src/Makefile
config.status:1081: executing depfiles commands
