This file contains any messages produced by compilers while
running configure, to aid debugging if configure makes a mistake.

It was created by bibledit-web configure 0.7.11, which was
generated by GNU Autoconf 2.68.  Invocation command line was

  $ ./configure --no-create --no-recursion

## --------- ##
## Platform. ##
## --------- ##

hostname = translation
uname -m = i686
uname -r = 3.2.0-23-generic-pae
uname -s = Linux
uname -v = #36-Ubuntu SMP Tue Apr 10 22:19:09 UTC 2012

/usr/bin/uname -p = unknown
/bin/uname -X     = unknown

/bin/arch              = unknown
/usr/bin/arch -k       = unknown
/usr/convex/getsysinfo = unknown
/usr/bin/hostinfo      = unknown
/bin/machine           = unknown
/usr/bin/oslevel       = unknown
/bin/universe          = unknown

PATH: /home/translator/bin
PATH: /usr/lib/lightdm/lightdm
PATH: /usr/local/sbin
PATH: /usr/local/bin
PATH: /usr/sbin
PATH: /usr/bin
PATH: /sbin
PATH: /bin
PATH: /usr/games


## ----------- ##
## Core tests. ##
## ----------- ##

configure:1772: checking for a BSD-compatible install
configure:1840: result: /usr/bin/install -c
configure:1851: checking whether build environment is sane
configure:1901: result: yes
configure:2042: checking for a thread-safe mkdir -p
configure:2081: result: /bin/mkdir -p
configure:2094: checking for gawk
configure:2124: result: no
configure:2094: checking for mawk
configure:2110: found /usr/bin/mawk
configure:2121: result: mawk
configure:2132: checking whether make sets $(MAKE)
configure:2154: result: yes
configure:2229: checking how to create a ustar tar archive
configure:2242: tar --version
tar (GNU tar) 1.26
Copyright (C) 2011 Free Software Foundation, Inc.
License GPLv3+: GNU GPL version 3 or later <http://gnu.org/licenses/gpl.html>.
This is free software: you are free to change and redistribute it.
There is NO WARRANTY, to the extent permitted by law.

Written by John Gilmore and Jay Fenlason.
configure:2245: $? = 0
configure:2285: tardir=conftest.dir && eval tar --format=ustar -chf - "$tardir" >conftest.tar
configure:2288: $? = 0
configure:2292: tar -xf - <conftest.tar
configure:2295: $? = 0
configure:2308: result: gnutar
configure:2321: checking for make
configure:2339: found /usr/bin/make
configure:2352: result: /usr/bin/make
configure:2367: checking for git
configure:2385: found /usr/bin/git
configure:2398: result: /usr/bin/git
configure:2413: checking for mysql
configure:2431: found /usr/bin/mysql
configure:2444: result: /usr/bin/mysql
configure:2457: checking for mysqldump
configure:2475: found /usr/bin/mysqldump
configure:2488: result: /usr/bin/mysqldump
configure:2503: checking for php
configure:2521: found /usr/bin/php
configure:2534: result: /usr/bin/php
configure:2549: checking for zip
configure:2567: found /usr/bin/zip
configure:2580: result: /usr/bin/zip
configure:2595: checking for unzip
configure:2613: found /usr/bin/unzip
configure:2626: result: /usr/bin/unzip
configure:2641: checking for wdiff
configure:2659: found /usr/bin/wdiff
configure:2672: result: /usr/bin/wdiff
configure:2687: checking for sqlite3
configure:2705: found /usr/bin/sqlite3
configure:2718: result: /usr/bin/sqlite3
configure:2733: checking for indexer
configure:2751: found /usr/bin/indexer
configure:2764: result: /usr/bin/indexer
configure:2779: checking for searchd
configure:2797: found /usr/bin/searchd
configure:2810: result: /usr/bin/searchd
configure:2924: checking zend framework path
configure:2948: result: /usr/share/php/libzend-framework-php/Zend
configure:2973: checking smarty path
configure:2997: result: /usr/share/php/smarty/libs
configure:3061: checking whether to enable LINUX specific flags
configure:3071: result: no
configure:3086: checking whether to enable DARWIN specific flags
configure:3096: result: no
configure:3111: checking whether to enable WIN32 specific flags
configure:3121: result: no
configure:3276: creating ./config.status

## ---------------- ##
## Cache variables. ##
## ---------------- ##

ac_cv_env_build_alias_set=
ac_cv_env_build_alias_value=
ac_cv_env_host_alias_set=
ac_cv_env_host_alias_value=
ac_cv_env_target_alias_set=
ac_cv_env_target_alias_value=
ac_cv_path_FIND_GIT=/usr/bin/git
ac_cv_path_FIND_INDEXER=/usr/bin/indexer
ac_cv_path_FIND_MYSQL=/usr/bin/mysql
ac_cv_path_FIND_MYSQLDUMP=/usr/bin/mysqldump
ac_cv_path_FIND_PHP=/usr/bin/php
ac_cv_path_FIND_SEARCHD=/usr/bin/searchd
ac_cv_path_FIND_SQLITE3=/usr/bin/sqlite3
ac_cv_path_FIND_UNZIP=/usr/bin/unzip
ac_cv_path_FIND_WDIFF=/usr/bin/wdiff
ac_cv_path_FIND_ZIP=/usr/bin/zip
ac_cv_path_MAKE_PATH=/usr/bin/make
ac_cv_path_install='/usr/bin/install -c'
ac_cv_path_mkdir=/bin/mkdir
ac_cv_prog_AWK=mawk
ac_cv_prog_make_make_set=yes
am_cv_prog_tar_ustar=gnutar

## ----------------- ##
## Output variables. ##
## ----------------- ##

ACLOCAL='${SHELL} /home/translator/bibledit/web/missing --run aclocal-1.11'
AMTAR='$${TAR-tar}'
AUTOCONF='${SHELL} /home/translator/bibledit/web/missing --run autoconf'
AUTOHEADER='${SHELL} /home/translator/bibledit/web/missing --run autoheader'
AUTOMAKE='${SHELL} /home/translator/bibledit/web/missing --run automake-1.11'
AWK='mawk'
CYGPATH_W='echo'
DARWIN_FALSE=''
DARWIN_TRUE='#'
DEFS='-DHAVE_CONFIG_H'
ECHO_C=''
ECHO_N='-n'
ECHO_T=''
FIND_GIT='/usr/bin/git'
FIND_INDEXER='/usr/bin/indexer'
FIND_MYSQL='/usr/bin/mysql'
FIND_MYSQLDUMP='/usr/bin/mysqldump'
FIND_PHP='/usr/bin/php'
FIND_SEARCHD='/usr/bin/searchd'
FIND_SQLITE3='/usr/bin/sqlite3'
FIND_UNZIP='/usr/bin/unzip'
FIND_WDIFF='/usr/bin/wdiff'
FIND_ZIP='/usr/bin/zip'
INSTALL_DATA='${INSTALL} -m 644'
INSTALL_PROGRAM='${INSTALL}'
INSTALL_SCRIPT='${INSTALL}'
INSTALL_STRIP_PROGRAM='$(install_sh) -c -s'
LIBOBJS=''
LIBS=''
LINUX_FALSE=''
LINUX_TRUE='#'
LOCATION='bibledit-web'
LTLIBOBJS=''
MAKEINFO='${SHELL} /home/translator/bibledit/web/missing --run makeinfo'
MAKE_PATH='/usr/bin/make'
MKDIR_P='/bin/mkdir -p'
MYSQL_ROOT_PASSWORD='root'
OPEN_INSTALLATION='false'
PACKAGE='bibledit-web'
PACKAGE_BUGREPORT='http://www.nongnu.org/bibledit'
PACKAGE_NAME='bibledit-web'
PACKAGE_STRING='bibledit-web 0.7.11'
PACKAGE_TARNAME='bibledit-web'
PACKAGE_URL=''
PACKAGE_VERSION='0.7.11'
PATH_SEPARATOR=':'
SET_MAKE=''
SHELL='/bin/bash'
SITE_ADMIN_PASSWORD='adminpassword'
SITE_ADMIN_USERNAME='adminusername'
SMARTYPATH='/usr/share/php/smarty/libs'
STRIP=''
VERSION='0.7.11'
WIN32_FALSE=''
WIN32_TRUE='#'
ZENDPATH='/usr/share/php/libzend-framework-php/Zend'
am__isrc=''
am__leading_dot='.'
am__tar='tar --format=ustar -chf - "$$tardir"'
am__untar='tar -xf -'
bindir='${exec_prefix}/bin'
build_alias=''
datadir='${datarootdir}'
datarootdir='${prefix}/share'
docdir='${datarootdir}/doc/${PACKAGE_TARNAME}'
dvidir='${docdir}'
exec_prefix='${prefix}'
host_alias=''
htmldir='${docdir}'
includedir='${prefix}/include'
infodir='${datarootdir}/info'
install_sh='${SHELL} /home/translator/bibledit/web/install-sh'
libdir='${exec_prefix}/lib'
libexecdir='${exec_prefix}/libexec'
localedir='${datarootdir}/locale'
localstatedir='${prefix}/var'
mandir='${datarootdir}/man'
mkdir_p='/bin/mkdir -p'
oldincludedir='/usr/include'
packagedatadir='share/bibledit-web'
packagelocalstatedir='var/lib/bibledit-web'
pdfdir='${docdir}'
prefix='/usr'
program_transform_name='s,x,x,'
psdir='${docdir}'
sbindir='${exec_prefix}/sbin'
sharedstatedir='${prefix}/com'
sysconfdir='${prefix}/etc'
systemconfigdir='etc/bibledit-web'
target_alias=''

## ----------- ##
## confdefs.h. ##
## ----------- ##

/* confdefs.h */
#define PACKAGE_NAME "bibledit-web"
#define PACKAGE_TARNAME "bibledit-web"
#define PACKAGE_VERSION "0.7.11"
#define PACKAGE_STRING "bibledit-web 0.7.11"
#define PACKAGE_BUGREPORT "http://www.nongnu.org/bibledit"
#define PACKAGE_URL ""
#define PACKAGE "bibledit-web"
#define VERSION "0.7.11"
#define MYSQL_ROOT_PASSWORD /**/
#define MYSQL_ROOT_PASSWORD "root"
#define SITE_ADMIN_USERNAME /**/
#define SITE_ADMIN_USERNAME "adminusername"
#define SITE_ADMIN_PASSWORD /**/
#define SITE_ADMIN_PASSWORD "adminpassword"
#define ZENDPATH /**/
#define ZENDPATH "/usr/share/php/libzend-framework-php/Zend"
#define SMARTYPATH /**/
#define SMARTYPATH "/usr/share/php/smarty/libs"
#define LOCATION /**/
#define LOCATION "bibledit-web"
#define OPEN_INSTALLATION /**/
#define OPEN_INSTALLATION "false"

configure: exit 0

## ---------------------- ##
## Running config.status. ##
## ---------------------- ##

This file was extended by bibledit-web config.status 0.7.11, which was
generated by GNU Autoconf 2.68.  Invocation command line was

  CONFIG_FILES    = 
  CONFIG_HEADERS  = 
  CONFIG_LINKS    = 
  CONFIG_COMMANDS = 
  $ ./config.status 

on translation

config.status:866: creating Makefile
config.status:866: creating fhs/Makefile
config.status:866: creating web/Makefile
config.status:866: creating tests/Makefile
config.status:866: creating apache/Makefile
config.status:866: creating cron/Makefile
config.status:866: creating mysql/Makefile
config.status:866: creating secure/Makefile
config.status:866: creating smarty/Makefile
config.status:866: creating config.php
config.status:1047: config.php is unchanged

## ---------------------- ##
## Running config.status. ##
## ---------------------- ##

This file was extended by bibledit-web config.status 0.7.11, which was
generated by GNU Autoconf 2.68.  Invocation command line was

  CONFIG_FILES    = 
  CONFIG_HEADERS  = 
  CONFIG_LINKS    = 
  CONFIG_COMMANDS = 
  $ ./config.status config.php

on translation

config.status:866: creating config.php
config.status:1047: config.php is unchanged
